<?xml version="1.0" encoding="UTF-8"?>
<!-- Generated by org.testng.reporters.JUnitReportReporter -->
<testsuite hostname="Monisha-PC" failures="0" tests="1" name="TestSignUp" time="19.253" errors="0" timestamp="2020-08-08T16:41:35 GMT-04:00" skipped="0">
  <testcase classname="TestSignUp" name="testSignUp" time="19.253"/>
  <system-out/>
</testsuite> <!-- TestSignUp -->
